2023-02-01 11:11:35.723 [INFO ][background-preinit] org.hibernate.validator.internal.util.Version.21 - HV000001: Hibernate Validator 6.2.5.Final
2023-02-01 11:11:35.735 [INFO ][restartedMain] tw.com.firstbank.fcbcore.fir.service.ServiceApplication.55 - Starting ServiceApplication using Java 17.0.4.1 on liyouweideMacBook-Pro.local with PID 1774 (/Users/yuweilee/local pair/UserApi/target/classes started by yuweilee in /Users/yuweilee/local pair/UserApi)
2023-02-01 11:11:35.737 [INFO ][restartedMain] tw.com.firstbank.fcbcore.fir.service.ServiceApplication.637 - The following 1 profile is active: "property"
2023-02-01 11:11:35.757 [INFO ][restartedMain] org.springframework.boot.devtools.env.DevToolsPropertyDefaultsPostProcessor.255 - Devtools property defaults active! Set 'spring.devtools.add-properties' to 'false' to disable
2023-02-01 11:11:35.757 [INFO ][restartedMain] org.springframework.boot.devtools.env.DevToolsPropertyDefaultsPostProcessor.255 - For additional web related logging consider setting the 'logging.level.web' property to 'DEBUG'
2023-02-01 11:11:35.931 [INFO ][restartedMain] org.springframework.data.repository.config.RepositoryConfigurationDelegate.132 - Bootstrapping Spring Data JPA repositories in DEFAULT mode.
2023-02-01 11:11:35.937 [INFO ][restartedMain] org.springframework.data.repository.config.RepositoryConfigurationDelegate.201 - Finished Spring Data repository scanning in 2 ms. Found 0 JPA repository interfaces.
2023-02-01 11:11:36.287 [INFO ][restartedMain] org.springframework.boot.web.embedded.tomcat.TomcatWebServer.108 - Tomcat initialized with port(s): 8080 (http)
2023-02-01 11:11:36.294 [INFO ][restartedMain] org.apache.coyote.http11.Http11NioProtocol.173 - Initializing ProtocolHandler ["http-nio-8080"]
2023-02-01 11:11:36.294 [INFO ][restartedMain] org.apache.catalina.core.StandardService.173 - Starting service [Tomcat]
2023-02-01 11:11:36.294 [INFO ][restartedMain] org.apache.catalina.core.StandardEngine.173 - Starting Servlet engine: [Apache Tomcat/9.0.71]
2023-02-01 11:11:36.322 [INFO ][restartedMain] org.apache.catalina.core.ContainerBase.[Tomcat].[localhost].[/UserApi].173 - Initializing Spring embedded WebApplicationContext
2023-02-01 11:11:36.322 [INFO ][restartedMain] org.springframework.boot.web.servlet.context.ServletWebServerApplicationContext.292 - Root WebApplicationContext: initialization completed in 564 ms
2023-02-01 11:11:36.434 [INFO ][restartedMain] org.springframework.boot.autoconfigure.h2.H2ConsoleAutoConfiguration.98 - H2 console available at '/h2-console'. Database available at 'jdbc:h2:mem:db'
2023-02-01 11:11:36.479 [INFO ][restartedMain] org.hibernate.jpa.internal.util.LogHelper.31 - HHH000204: Processing PersistenceUnitInfo [name: default]
2023-02-01 11:11:36.505 [INFO ][restartedMain] org.hibernate.Version.44 - HHH000412: Hibernate ORM core version 5.6.14.Final
2023-02-01 11:11:36.581 [INFO ][restartedMain] org.hibernate.annotations.common.Version.56 - HCANN000001: Hibernate Commons Annotations {5.1.2.Final}
2023-02-01 11:11:36.623 [INFO ][restartedMain] org.hibernate.dialect.Dialect.175 - HHH000400: Using dialect: org.hibernate.dialect.H2Dialect
2023-02-01 11:11:36.702 [INFO ][restartedMain] org.hibernate.engine.transaction.jta.platform.internal.JtaPlatformInitiator.52 - HHH000490: Using JtaPlatform implementation: [org.hibernate.engine.transaction.jta.platform.internal.NoJtaPlatform]
2023-02-01 11:11:36.705 [INFO ][restartedMain] org.springframework.orm.jpa.LocalContainerEntityManagerFactoryBean.437 - Initialized JPA EntityManagerFactory for persistence unit 'default'
2023-02-01 11:11:36.738 [WARN ][restartedMain] org.springframework.boot.autoconfigure.orm.jpa.JpaBaseConfiguration$JpaWebConfiguration.219 - spring.jpa.open-in-view is enabled by default. Therefore, database queries may be performed during view rendering. Explicitly configure spring.jpa.open-in-view to disable this warning
2023-02-01 11:11:36.874 [INFO ][restartedMain] org.springframework.boot.devtools.autoconfigure.OptionalLiveReloadServer.59 - LiveReload server is running on port 35729
2023-02-01 11:11:36.878 [INFO ][restartedMain] org.apache.coyote.http11.Http11NioProtocol.173 - Starting ProtocolHandler ["http-nio-8080"]
2023-02-01 11:11:36.884 [INFO ][restartedMain] org.springframework.boot.web.embedded.tomcat.TomcatWebServer.220 - Tomcat started on port(s): 8080 (http) with context path '/UserApi'
2023-02-01 11:11:36.889 [INFO ][restartedMain] tw.com.firstbank.fcbcore.fir.service.ServiceApplication.61 - Started ServiceApplication in 1.286 seconds (JVM running for 1.937)
2023-02-01 11:24:12.284 [INFO ][http-nio-8080-exec-1] org.apache.catalina.core.ContainerBase.[Tomcat].[localhost].[/UserApi].173 - Initializing Spring DispatcherServlet 'dispatcherServlet'
2023-02-01 11:24:12.284 [INFO ][http-nio-8080-exec-1] org.springframework.web.servlet.DispatcherServlet.525 - Initializing Servlet 'dispatcherServlet'
2023-02-01 11:24:12.285 [INFO ][http-nio-8080-exec-1] org.springframework.web.servlet.DispatcherServlet.547 - Completed initialization in 1 ms
2023-02-01 11:24:12.338 [WARN ][http-nio-8080-exec-1] org.springframework.web.servlet.mvc.support.DefaultHandlerExceptionResolver.208 - Resolved [org.springframework.http.converter.HttpMessageNotReadableException: Required request body is missing: public tw.com.firstbank.fcbcore.fir.service.adapter.in.rest.api.CreateUserResponse tw.com.firstbank.fcbcore.fir.service.adapter.in.rest.impl.UserControllerImpl.createUser(tw.com.firstbank.fcbcore.fir.service.adapter.in.rest.api.CreateUserRequest)]
2023-02-01 11:24:25.087 [WARN ][http-nio-8080-exec-4] org.springframework.web.servlet.mvc.support.DefaultHandlerExceptionResolver.208 - Resolved [org.springframework.http.converter.HttpMessageNotReadableException: Required request body is missing: public tw.com.firstbank.fcbcore.fir.service.adapter.in.rest.api.CreateUserResponse tw.com.firstbank.fcbcore.fir.service.adapter.in.rest.impl.UserControllerImpl.createUser(tw.com.firstbank.fcbcore.fir.service.adapter.in.rest.api.CreateUserRequest)]
2023-02-01 11:25:02.679 [WARN ][http-nio-8080-exec-5] org.springframework.web.servlet.mvc.support.DefaultHandlerExceptionResolver.208 - Resolved [org.springframework.http.converter.HttpMessageNotReadableException: Required request body is missing: public tw.com.firstbank.fcbcore.fir.service.adapter.in.rest.api.CreateUserResponse tw.com.firstbank.fcbcore.fir.service.adapter.in.rest.impl.UserControllerImpl.createUser(tw.com.firstbank.fcbcore.fir.service.adapter.in.rest.api.CreateUserRequest)]
2023-02-01 11:25:33.372 [WARN ][http-nio-8080-exec-8] org.springframework.web.servlet.mvc.support.DefaultHandlerExceptionResolver.208 - Resolved [org.springframework.http.converter.HttpMessageNotReadableException: Required request body is missing: public tw.com.firstbank.fcbcore.fir.service.adapter.in.rest.api.CreateUserResponse tw.com.firstbank.fcbcore.fir.service.adapter.in.rest.impl.UserControllerImpl.createUser(tw.com.firstbank.fcbcore.fir.service.adapter.in.rest.api.CreateUserRequest)]
2023-02-01 11:25:52.661 [WARN ][http-nio-8080-exec-10] org.springframework.web.servlet.mvc.support.DefaultHandlerExceptionResolver.208 - Resolved [org.springframework.http.converter.HttpMessageNotReadableException: Required request body is missing: public tw.com.firstbank.fcbcore.fir.service.adapter.in.rest.api.CreateUserResponse tw.com.firstbank.fcbcore.fir.service.adapter.in.rest.impl.UserControllerImpl.createUser(tw.com.firstbank.fcbcore.fir.service.adapter.in.rest.api.CreateUserRequest)]
2023-02-01 11:45:43.744 [INFO ][SpringApplicationShutdownHook] org.springframework.orm.jpa.LocalContainerEntityManagerFactoryBean.651 - Closing JPA EntityManagerFactory for persistence unit 'default'
2023-02-01 11:45:43.745 [INFO ][SpringApplicationShutdownHook] org.hibernate.tool.schema.internal.SchemaDropperImpl$DelayedDropActionImpl.538 - HHH000477: Starting delayed evictData of schema as part of SessionFactory shut-down'
2023-02-01 11:45:46.046 [INFO ][background-preinit] org.hibernate.validator.internal.util.Version.21 - HV000001: Hibernate Validator 6.2.5.Final
2023-02-01 11:45:46.057 [INFO ][restartedMain] tw.com.firstbank.fcbcore.fir.service.ServiceApplication.55 - Starting ServiceApplication using Java 17.0.4.1 on liyouweideMacBook-Pro.local with PID 1868 (/Users/yuweilee/local pair/UserApi/target/classes started by yuweilee in /Users/yuweilee/local pair/UserApi)
2023-02-01 11:45:46.058 [INFO ][restartedMain] tw.com.firstbank.fcbcore.fir.service.ServiceApplication.637 - The following 1 profile is active: "property"
2023-02-01 11:45:46.082 [INFO ][restartedMain] org.springframework.boot.devtools.env.DevToolsPropertyDefaultsPostProcessor.255 - Devtools property defaults active! Set 'spring.devtools.add-properties' to 'false' to disable
2023-02-01 11:45:46.082 [INFO ][restartedMain] org.springframework.boot.devtools.env.DevToolsPropertyDefaultsPostProcessor.255 - For additional web related logging consider setting the 'logging.level.web' property to 'DEBUG'
2023-02-01 11:45:46.257 [INFO ][restartedMain] org.springframework.data.repository.config.RepositoryConfigurationDelegate.132 - Bootstrapping Spring Data JPA repositories in DEFAULT mode.
2023-02-01 11:45:46.264 [INFO ][restartedMain] org.springframework.data.repository.config.RepositoryConfigurationDelegate.201 - Finished Spring Data repository scanning in 2 ms. Found 0 JPA repository interfaces.
2023-02-01 11:45:46.596 [INFO ][restartedMain] org.springframework.boot.web.embedded.tomcat.TomcatWebServer.108 - Tomcat initialized with port(s): 8080 (http)
2023-02-01 11:45:46.603 [INFO ][restartedMain] org.apache.coyote.http11.Http11NioProtocol.173 - Initializing ProtocolHandler ["http-nio-8080"]
2023-02-01 11:45:46.603 [INFO ][restartedMain] org.apache.catalina.core.StandardService.173 - Starting service [Tomcat]
2023-02-01 11:45:46.603 [INFO ][restartedMain] org.apache.catalina.core.StandardEngine.173 - Starting Servlet engine: [Apache Tomcat/9.0.71]
2023-02-01 11:45:46.629 [INFO ][restartedMain] org.apache.catalina.core.ContainerBase.[Tomcat].[localhost].[/UserApi].173 - Initializing Spring embedded WebApplicationContext
2023-02-01 11:45:46.629 [INFO ][restartedMain] org.springframework.boot.web.servlet.context.ServletWebServerApplicationContext.292 - Root WebApplicationContext: initialization completed in 547 ms
2023-02-01 11:45:46.740 [INFO ][restartedMain] org.springframework.boot.autoconfigure.h2.H2ConsoleAutoConfiguration.98 - H2 console available at '/h2-console'. Database available at 'jdbc:h2:mem:db'
2023-02-01 11:45:46.785 [INFO ][restartedMain] org.hibernate.jpa.internal.util.LogHelper.31 - HHH000204: Processing PersistenceUnitInfo [name: default]
2023-02-01 11:45:46.811 [INFO ][restartedMain] org.hibernate.Version.44 - HHH000412: Hibernate ORM core version 5.6.14.Final
2023-02-01 11:45:46.877 [INFO ][restartedMain] org.hibernate.annotations.common.Version.56 - HCANN000001: Hibernate Commons Annotations {5.1.2.Final}
2023-02-01 11:45:46.912 [INFO ][restartedMain] org.hibernate.dialect.Dialect.175 - HHH000400: Using dialect: org.hibernate.dialect.H2Dialect
2023-02-01 11:45:46.978 [INFO ][restartedMain] org.hibernate.engine.transaction.jta.platform.internal.JtaPlatformInitiator.52 - HHH000490: Using JtaPlatform implementation: [org.hibernate.engine.transaction.jta.platform.internal.NoJtaPlatform]
2023-02-01 11:45:46.981 [INFO ][restartedMain] org.springframework.orm.jpa.LocalContainerEntityManagerFactoryBean.437 - Initialized JPA EntityManagerFactory for persistence unit 'default'
2023-02-01 11:45:47.007 [WARN ][restartedMain] org.springframework.boot.autoconfigure.orm.jpa.JpaBaseConfiguration$JpaWebConfiguration.219 - spring.jpa.open-in-view is enabled by default. Therefore, database queries may be performed during view rendering. Explicitly configure spring.jpa.open-in-view to disable this warning
2023-02-01 11:45:47.150 [INFO ][restartedMain] org.springframework.boot.devtools.autoconfigure.OptionalLiveReloadServer.59 - LiveReload server is running on port 35729
2023-02-01 11:45:47.155 [INFO ][restartedMain] org.apache.coyote.http11.Http11NioProtocol.173 - Starting ProtocolHandler ["http-nio-8080"]
2023-02-01 11:45:47.161 [INFO ][restartedMain] org.springframework.boot.web.embedded.tomcat.TomcatWebServer.220 - Tomcat started on port(s): 8080 (http) with context path '/UserApi'
2023-02-01 11:45:47.166 [INFO ][restartedMain] tw.com.firstbank.fcbcore.fir.service.ServiceApplication.61 - Started ServiceApplication in 1.229 seconds (JVM running for 1.779)
2023-02-01 11:47:15.364 [INFO ][http-nio-8080-exec-1] org.apache.catalina.core.ContainerBase.[Tomcat].[localhost].[/UserApi].173 - Initializing Spring DispatcherServlet 'dispatcherServlet'
2023-02-01 11:47:15.364 [INFO ][http-nio-8080-exec-1] org.springframework.web.servlet.DispatcherServlet.525 - Initializing Servlet 'dispatcherServlet'
2023-02-01 11:47:15.365 [INFO ][http-nio-8080-exec-1] org.springframework.web.servlet.DispatcherServlet.547 - Completed initialization in 1 ms
2023-02-01 11:53:18.636 [INFO ][SpringApplicationShutdownHook] org.springframework.orm.jpa.LocalContainerEntityManagerFactoryBean.651 - Closing JPA EntityManagerFactory for persistence unit 'default'
2023-02-01 11:53:18.636 [INFO ][SpringApplicationShutdownHook] org.hibernate.tool.schema.internal.SchemaDropperImpl$DelayedDropActionImpl.538 - HHH000477: Starting delayed evictData of schema as part of SessionFactory shut-down'
2023-02-01 11:54:36.692 [INFO ][background-preinit] org.hibernate.validator.internal.util.Version.21 - HV000001: Hibernate Validator 6.2.5.Final
2023-02-01 11:54:36.705 [INFO ][restartedMain] tw.com.firstbank.fcbcore.fir.service.ServiceApplication.55 - Starting ServiceApplication using Java 17.0.4.1 on liyouweideMacBook-Pro.local with PID 1909 (/Users/yuweilee/local pair/UserApi/target/classes started by yuweilee in /Users/yuweilee/local pair/UserApi)
2023-02-01 11:54:36.707 [INFO ][restartedMain] tw.com.firstbank.fcbcore.fir.service.ServiceApplication.637 - The following 1 profile is active: "property"
2023-02-01 11:54:36.730 [INFO ][restartedMain] org.springframework.boot.devtools.env.DevToolsPropertyDefaultsPostProcessor.255 - Devtools property defaults active! Set 'spring.devtools.add-properties' to 'false' to disable
2023-02-01 11:54:36.730 [INFO ][restartedMain] org.springframework.boot.devtools.env.DevToolsPropertyDefaultsPostProcessor.255 - For additional web related logging consider setting the 'logging.level.web' property to 'DEBUG'
2023-02-01 11:54:36.918 [INFO ][restartedMain] org.springframework.data.repository.config.RepositoryConfigurationDelegate.132 - Bootstrapping Spring Data JPA repositories in DEFAULT mode.
2023-02-01 11:54:36.925 [INFO ][restartedMain] org.springframework.data.repository.config.RepositoryConfigurationDelegate.201 - Finished Spring Data repository scanning in 2 ms. Found 0 JPA repository interfaces.
2023-02-01 11:54:37.270 [INFO ][restartedMain] org.springframework.boot.web.embedded.tomcat.TomcatWebServer.108 - Tomcat initialized with port(s): 8080 (http)
2023-02-01 11:54:37.278 [INFO ][restartedMain] org.apache.coyote.http11.Http11NioProtocol.173 - Initializing ProtocolHandler ["http-nio-8080"]
2023-02-01 11:54:37.278 [INFO ][restartedMain] org.apache.catalina.core.StandardService.173 - Starting service [Tomcat]
2023-02-01 11:54:37.278 [INFO ][restartedMain] org.apache.catalina.core.StandardEngine.173 - Starting Servlet engine: [Apache Tomcat/9.0.71]
2023-02-01 11:54:37.314 [INFO ][restartedMain] org.apache.catalina.core.ContainerBase.[Tomcat].[localhost].[/UserApi].173 - Initializing Spring embedded WebApplicationContext
2023-02-01 11:54:37.315 [INFO ][restartedMain] org.springframework.boot.web.servlet.context.ServletWebServerApplicationContext.292 - Root WebApplicationContext: initialization completed in 585 ms
2023-02-01 11:54:37.432 [INFO ][restartedMain] org.springframework.boot.autoconfigure.h2.H2ConsoleAutoConfiguration.98 - H2 console available at '/h2-console'. Database available at 'jdbc:h2:mem:db'
2023-02-01 11:54:37.479 [INFO ][restartedMain] org.hibernate.jpa.internal.util.LogHelper.31 - HHH000204: Processing PersistenceUnitInfo [name: default]
2023-02-01 11:54:37.503 [INFO ][restartedMain] org.hibernate.Version.44 - HHH000412: Hibernate ORM core version 5.6.14.Final
2023-02-01 11:54:37.573 [INFO ][restartedMain] org.hibernate.annotations.common.Version.56 - HCANN000001: Hibernate Commons Annotations {5.1.2.Final}
2023-02-01 11:54:37.612 [INFO ][restartedMain] org.hibernate.dialect.Dialect.175 - HHH000400: Using dialect: org.hibernate.dialect.H2Dialect
2023-02-01 11:54:37.698 [INFO ][restartedMain] org.hibernate.engine.transaction.jta.platform.internal.JtaPlatformInitiator.52 - HHH000490: Using JtaPlatform implementation: [org.hibernate.engine.transaction.jta.platform.internal.NoJtaPlatform]
2023-02-01 11:54:37.702 [INFO ][restartedMain] org.springframework.orm.jpa.LocalContainerEntityManagerFactoryBean.437 - Initialized JPA EntityManagerFactory for persistence unit 'default'
2023-02-01 11:54:37.740 [WARN ][restartedMain] org.springframework.boot.autoconfigure.orm.jpa.JpaBaseConfiguration$JpaWebConfiguration.219 - spring.jpa.open-in-view is enabled by default. Therefore, database queries may be performed during view rendering. Explicitly configure spring.jpa.open-in-view to disable this warning
2023-02-01 11:54:37.874 [INFO ][restartedMain] org.springframework.boot.devtools.autoconfigure.OptionalLiveReloadServer.59 - LiveReload server is running on port 35729
2023-02-01 11:54:37.879 [INFO ][restartedMain] org.apache.coyote.http11.Http11NioProtocol.173 - Starting ProtocolHandler ["http-nio-8080"]
2023-02-01 11:54:37.886 [INFO ][restartedMain] org.springframework.boot.web.embedded.tomcat.TomcatWebServer.220 - Tomcat started on port(s): 8080 (http) with context path '/UserApi'
2023-02-01 11:54:37.892 [INFO ][restartedMain] tw.com.firstbank.fcbcore.fir.service.ServiceApplication.61 - Started ServiceApplication in 1.327 seconds (JVM running for 2.006)
2023-02-01 11:54:42.828 [INFO ][http-nio-8080-exec-2] org.apache.catalina.core.ContainerBase.[Tomcat].[localhost].[/UserApi].173 - Initializing Spring DispatcherServlet 'dispatcherServlet'
2023-02-01 11:54:42.828 [INFO ][http-nio-8080-exec-2] org.springframework.web.servlet.DispatcherServlet.525 - Initializing Servlet 'dispatcherServlet'
2023-02-01 11:54:42.829 [INFO ][http-nio-8080-exec-2] org.springframework.web.servlet.DispatcherServlet.547 - Completed initialization in 1 ms
2023-02-01 11:57:13.690 [INFO ][SpringApplicationShutdownHook] org.springframework.orm.jpa.LocalContainerEntityManagerFactoryBean.651 - Closing JPA EntityManagerFactory for persistence unit 'default'
2023-02-01 11:57:13.704 [INFO ][SpringApplicationShutdownHook] org.hibernate.tool.schema.internal.SchemaDropperImpl$DelayedDropActionImpl.538 - HHH000477: Starting delayed evictData of schema as part of SessionFactory shut-down'
2023-02-01 13:44:48.107 [INFO ][background-preinit] org.hibernate.validator.internal.util.Version.21 - HV000001: Hibernate Validator 6.2.5.Final
2023-02-01 13:44:48.119 [INFO ][restartedMain] tw.com.firstbank.fcbcore.fir.service.ServiceApplication.55 - Starting ServiceApplication using Java 17.0.4.1 on liyouweideMacBook-Pro.local with PID 2272 (/Users/yuweilee/local pair/UserApi/target/classes started by yuweilee in /Users/yuweilee/local pair/UserApi)
2023-02-01 13:44:48.120 [INFO ][restartedMain] tw.com.firstbank.fcbcore.fir.service.ServiceApplication.637 - The following 1 profile is active: "property"
2023-02-01 13:44:48.142 [INFO ][restartedMain] org.springframework.boot.devtools.env.DevToolsPropertyDefaultsPostProcessor.255 - Devtools property defaults active! Set 'spring.devtools.add-properties' to 'false' to disable
2023-02-01 13:44:48.142 [INFO ][restartedMain] org.springframework.boot.devtools.env.DevToolsPropertyDefaultsPostProcessor.255 - For additional web related logging consider setting the 'logging.level.web' property to 'DEBUG'
2023-02-01 13:44:48.315 [INFO ][restartedMain] org.springframework.data.repository.config.RepositoryConfigurationDelegate.132 - Bootstrapping Spring Data JPA repositories in DEFAULT mode.
2023-02-01 13:44:48.320 [INFO ][restartedMain] org.springframework.data.repository.config.RepositoryConfigurationDelegate.201 - Finished Spring Data repository scanning in 1 ms. Found 0 JPA repository interfaces.
2023-02-01 13:44:48.627 [INFO ][restartedMain] org.springframework.boot.web.embedded.tomcat.TomcatWebServer.108 - Tomcat initialized with port(s): 8080 (http)
2023-02-01 13:44:48.635 [INFO ][restartedMain] org.apache.coyote.http11.Http11NioProtocol.173 - Initializing ProtocolHandler ["http-nio-8080"]
2023-02-01 13:44:48.636 [INFO ][restartedMain] org.apache.catalina.core.StandardService.173 - Starting service [Tomcat]
2023-02-01 13:44:48.636 [INFO ][restartedMain] org.apache.catalina.core.StandardEngine.173 - Starting Servlet engine: [Apache Tomcat/9.0.71]
2023-02-01 13:44:48.663 [INFO ][restartedMain] org.apache.catalina.core.ContainerBase.[Tomcat].[localhost].[/UserApi].173 - Initializing Spring embedded WebApplicationContext
2023-02-01 13:44:48.663 [INFO ][restartedMain] org.springframework.boot.web.servlet.context.ServletWebServerApplicationContext.292 - Root WebApplicationContext: initialization completed in 521 ms
2023-02-01 13:44:48.771 [INFO ][restartedMain] org.springframework.boot.autoconfigure.h2.H2ConsoleAutoConfiguration.98 - H2 console available at '/h2-console'. Database available at 'jdbc:h2:mem:db'
2023-02-01 13:44:48.813 [INFO ][restartedMain] org.hibernate.jpa.internal.util.LogHelper.31 - HHH000204: Processing PersistenceUnitInfo [name: default]
2023-02-01 13:44:48.832 [INFO ][restartedMain] org.hibernate.Version.44 - HHH000412: Hibernate ORM core version 5.6.14.Final
2023-02-01 13:44:48.894 [INFO ][restartedMain] org.hibernate.annotations.common.Version.56 - HCANN000001: Hibernate Commons Annotations {5.1.2.Final}
2023-02-01 13:44:48.933 [INFO ][restartedMain] org.hibernate.dialect.Dialect.175 - HHH000400: Using dialect: org.hibernate.dialect.H2Dialect
2023-02-01 13:44:49.004 [INFO ][restartedMain] org.hibernate.engine.transaction.jta.platform.internal.JtaPlatformInitiator.52 - HHH000490: Using JtaPlatform implementation: [org.hibernate.engine.transaction.jta.platform.internal.NoJtaPlatform]
2023-02-01 13:44:49.007 [INFO ][restartedMain] org.springframework.orm.jpa.LocalContainerEntityManagerFactoryBean.437 - Initialized JPA EntityManagerFactory for persistence unit 'default'
2023-02-01 13:44:49.031 [WARN ][restartedMain] org.springframework.boot.autoconfigure.orm.jpa.JpaBaseConfiguration$JpaWebConfiguration.219 - spring.jpa.open-in-view is enabled by default. Therefore, database queries may be performed during view rendering. Explicitly configure spring.jpa.open-in-view to disable this warning
2023-02-01 13:44:49.152 [INFO ][restartedMain] org.springframework.boot.devtools.autoconfigure.OptionalLiveReloadServer.59 - LiveReload server is running on port 35729
2023-02-01 13:44:49.159 [INFO ][restartedMain] org.apache.coyote.http11.Http11NioProtocol.173 - Starting ProtocolHandler ["http-nio-8080"]
2023-02-01 13:44:49.168 [INFO ][restartedMain] org.springframework.boot.web.embedded.tomcat.TomcatWebServer.220 - Tomcat started on port(s): 8080 (http) with context path '/UserApi'
2023-02-01 13:44:49.172 [INFO ][restartedMain] tw.com.firstbank.fcbcore.fir.service.ServiceApplication.61 - Started ServiceApplication in 1.175 seconds (JVM running for 1.586)
2023-02-01 13:45:47.401 [INFO ][http-nio-8080-exec-2] org.apache.catalina.core.ContainerBase.[Tomcat].[localhost].[/UserApi].173 - Initializing Spring DispatcherServlet 'dispatcherServlet'
2023-02-01 13:45:47.402 [INFO ][http-nio-8080-exec-2] org.springframework.web.servlet.DispatcherServlet.525 - Initializing Servlet 'dispatcherServlet'
2023-02-01 13:45:47.403 [INFO ][http-nio-8080-exec-2] org.springframework.web.servlet.DispatcherServlet.547 - Completed initialization in 1 ms
2023-02-01 13:46:24.634 [INFO ][SpringApplicationShutdownHook] org.springframework.orm.jpa.LocalContainerEntityManagerFactoryBean.651 - Closing JPA EntityManagerFactory for persistence unit 'default'
2023-02-01 13:46:24.634 [INFO ][SpringApplicationShutdownHook] org.hibernate.tool.schema.internal.SchemaDropperImpl$DelayedDropActionImpl.538 - HHH000477: Starting delayed evictData of schema as part of SessionFactory shut-down'
2023-02-01 13:46:27.616 [INFO ][background-preinit] org.hibernate.validator.internal.util.Version.21 - HV000001: Hibernate Validator 6.2.5.Final
2023-02-01 13:46:27.631 [INFO ][restartedMain] tw.com.firstbank.fcbcore.fir.service.ServiceApplication.55 - Starting ServiceApplication using Java 17.0.4.1 on liyouweideMacBook-Pro.local with PID 2283 (/Users/yuweilee/local pair/UserApi/target/classes started by yuweilee in /Users/yuweilee/local pair/UserApi)
2023-02-01 13:46:27.632 [INFO ][restartedMain] tw.com.firstbank.fcbcore.fir.service.ServiceApplication.637 - The following 1 profile is active: "property"
2023-02-01 13:46:27.658 [INFO ][restartedMain] org.springframework.boot.devtools.env.DevToolsPropertyDefaultsPostProcessor.255 - Devtools property defaults active! Set 'spring.devtools.add-properties' to 'false' to disable
2023-02-01 13:46:27.658 [INFO ][restartedMain] org.springframework.boot.devtools.env.DevToolsPropertyDefaultsPostProcessor.255 - For additional web related logging consider setting the 'logging.level.web' property to 'DEBUG'
2023-02-01 13:46:27.828 [INFO ][restartedMain] org.springframework.data.repository.config.RepositoryConfigurationDelegate.132 - Bootstrapping Spring Data JPA repositories in DEFAULT mode.
2023-02-01 13:46:27.834 [INFO ][restartedMain] org.springframework.data.repository.config.RepositoryConfigurationDelegate.201 - Finished Spring Data repository scanning in 2 ms. Found 0 JPA repository interfaces.
2023-02-01 13:46:28.163 [INFO ][restartedMain] org.springframework.boot.web.embedded.tomcat.TomcatWebServer.108 - Tomcat initialized with port(s): 8080 (http)
2023-02-01 13:46:28.170 [INFO ][restartedMain] org.apache.coyote.http11.Http11NioProtocol.173 - Initializing ProtocolHandler ["http-nio-8080"]
2023-02-01 13:46:28.170 [INFO ][restartedMain] org.apache.catalina.core.StandardService.173 - Starting service [Tomcat]
2023-02-01 13:46:28.170 [INFO ][restartedMain] org.apache.catalina.core.StandardEngine.173 - Starting Servlet engine: [Apache Tomcat/9.0.71]
2023-02-01 13:46:28.200 [INFO ][restartedMain] org.apache.catalina.core.ContainerBase.[Tomcat].[localhost].[/UserApi].173 - Initializing Spring embedded WebApplicationContext
2023-02-01 13:46:28.200 [INFO ][restartedMain] org.springframework.boot.web.servlet.context.ServletWebServerApplicationContext.292 - Root WebApplicationContext: initialization completed in 541 ms
2023-02-01 13:46:28.308 [INFO ][restartedMain] org.springframework.boot.autoconfigure.h2.H2ConsoleAutoConfiguration.98 - H2 console available at '/h2-console'. Database available at 'jdbc:h2:mem:db'
2023-02-01 13:46:28.352 [INFO ][restartedMain] org.hibernate.jpa.internal.util.LogHelper.31 - HHH000204: Processing PersistenceUnitInfo [name: default]
2023-02-01 13:46:28.373 [INFO ][restartedMain] org.hibernate.Version.44 - HHH000412: Hibernate ORM core version 5.6.14.Final
2023-02-01 13:46:28.444 [INFO ][restartedMain] org.hibernate.annotations.common.Version.56 - HCANN000001: Hibernate Commons Annotations {5.1.2.Final}
2023-02-01 13:46:28.483 [INFO ][restartedMain] org.hibernate.dialect.Dialect.175 - HHH000400: Using dialect: org.hibernate.dialect.H2Dialect
2023-02-01 13:46:28.558 [INFO ][restartedMain] org.hibernate.engine.transaction.jta.platform.internal.JtaPlatformInitiator.52 - HHH000490: Using JtaPlatform implementation: [org.hibernate.engine.transaction.jta.platform.internal.NoJtaPlatform]
2023-02-01 13:46:28.563 [INFO ][restartedMain] org.springframework.orm.jpa.LocalContainerEntityManagerFactoryBean.437 - Initialized JPA EntityManagerFactory for persistence unit 'default'
2023-02-01 13:46:28.595 [WARN ][restartedMain] org.springframework.boot.autoconfigure.orm.jpa.JpaBaseConfiguration$JpaWebConfiguration.219 - spring.jpa.open-in-view is enabled by default. Therefore, database queries may be performed during view rendering. Explicitly configure spring.jpa.open-in-view to disable this warning
2023-02-01 13:46:28.726 [INFO ][restartedMain] org.springframework.boot.devtools.autoconfigure.OptionalLiveReloadServer.59 - LiveReload server is running on port 35729
2023-02-01 13:46:28.731 [INFO ][restartedMain] org.apache.coyote.http11.Http11NioProtocol.173 - Starting ProtocolHandler ["http-nio-8080"]
2023-02-01 13:46:28.738 [INFO ][restartedMain] org.springframework.boot.web.embedded.tomcat.TomcatWebServer.220 - Tomcat started on port(s): 8080 (http) with context path '/UserApi'
2023-02-01 13:46:28.743 [INFO ][restartedMain] tw.com.firstbank.fcbcore.fir.service.ServiceApplication.61 - Started ServiceApplication in 1.252 seconds (JVM running for 1.716)
2023-02-01 13:46:33.838 [INFO ][http-nio-8080-exec-2] org.apache.catalina.core.ContainerBase.[Tomcat].[localhost].[/UserApi].173 - Initializing Spring DispatcherServlet 'dispatcherServlet'
2023-02-01 13:46:33.838 [INFO ][http-nio-8080-exec-2] org.springframework.web.servlet.DispatcherServlet.525 - Initializing Servlet 'dispatcherServlet'
2023-02-01 13:46:33.839 [INFO ][http-nio-8080-exec-2] org.springframework.web.servlet.DispatcherServlet.547 - Completed initialization in 1 ms
2023-02-01 13:47:19.978 [INFO ][SpringApplicationShutdownHook] org.springframework.orm.jpa.LocalContainerEntityManagerFactoryBean.651 - Closing JPA EntityManagerFactory for persistence unit 'default'
2023-02-01 13:47:19.978 [INFO ][SpringApplicationShutdownHook] org.hibernate.tool.schema.internal.SchemaDropperImpl$DelayedDropActionImpl.538 - HHH000477: Starting delayed evictData of schema as part of SessionFactory shut-down'
2023-02-01 13:47:21.326 [INFO ][background-preinit] org.hibernate.validator.internal.util.Version.21 - HV000001: Hibernate Validator 6.2.5.Final
2023-02-01 13:47:21.338 [INFO ][restartedMain] tw.com.firstbank.fcbcore.fir.service.ServiceApplication.55 - Starting ServiceApplication using Java 17.0.4.1 on liyouweideMacBook-Pro.local with PID 2287 (/Users/yuweilee/local pair/UserApi/target/classes started by yuweilee in /Users/yuweilee/local pair/UserApi)
2023-02-01 13:47:21.339 [INFO ][restartedMain] tw.com.firstbank.fcbcore.fir.service.ServiceApplication.637 - The following 1 profile is active: "property"
2023-02-01 13:47:21.364 [INFO ][restartedMain] org.springframework.boot.devtools.env.DevToolsPropertyDefaultsPostProcessor.255 - Devtools property defaults active! Set 'spring.devtools.add-properties' to 'false' to disable
2023-02-01 13:47:21.364 [INFO ][restartedMain] org.springframework.boot.devtools.env.DevToolsPropertyDefaultsPostProcessor.255 - For additional web related logging consider setting the 'logging.level.web' property to 'DEBUG'
2023-02-01 13:47:21.568 [INFO ][restartedMain] org.springframework.data.repository.config.RepositoryConfigurationDelegate.132 - Bootstrapping Spring Data JPA repositories in DEFAULT mode.
2023-02-01 13:47:21.576 [INFO ][restartedMain] org.springframework.data.repository.config.RepositoryConfigurationDelegate.201 - Finished Spring Data repository scanning in 4 ms. Found 0 JPA repository interfaces.
2023-02-01 13:47:21.915 [INFO ][restartedMain] org.springframework.boot.web.embedded.tomcat.TomcatWebServer.108 - Tomcat initialized with port(s): 8080 (http)
2023-02-01 13:47:21.923 [INFO ][restartedMain] org.apache.coyote.http11.Http11NioProtocol.173 - Initializing ProtocolHandler ["http-nio-8080"]
2023-02-01 13:47:21.923 [INFO ][restartedMain] org.apache.catalina.core.StandardService.173 - Starting service [Tomcat]
2023-02-01 13:47:21.923 [INFO ][restartedMain] org.apache.catalina.core.StandardEngine.173 - Starting Servlet engine: [Apache Tomcat/9.0.71]
2023-02-01 13:47:21.956 [INFO ][restartedMain] org.apache.catalina.core.ContainerBase.[Tomcat].[localhost].[/UserApi].173 - Initializing Spring embedded WebApplicationContext
2023-02-01 13:47:21.957 [INFO ][restartedMain] org.springframework.boot.web.servlet.context.ServletWebServerApplicationContext.292 - Root WebApplicationContext: initialization completed in 591 ms
2023-02-01 13:47:22.070 [INFO ][restartedMain] org.springframework.boot.autoconfigure.h2.H2ConsoleAutoConfiguration.98 - H2 console available at '/h2-console'. Database available at 'jdbc:h2:mem:db'
2023-02-01 13:47:22.120 [INFO ][restartedMain] org.hibernate.jpa.internal.util.LogHelper.31 - HHH000204: Processing PersistenceUnitInfo [name: default]
2023-02-01 13:47:22.145 [INFO ][restartedMain] org.hibernate.Version.44 - HHH000412: Hibernate ORM core version 5.6.14.Final
2023-02-01 13:47:22.213 [INFO ][restartedMain] org.hibernate.annotations.common.Version.56 - HCANN000001: Hibernate Commons Annotations {5.1.2.Final}
2023-02-01 13:47:22.256 [INFO ][restartedMain] org.hibernate.dialect.Dialect.175 - HHH000400: Using dialect: org.hibernate.dialect.H2Dialect
2023-02-01 13:47:22.341 [INFO ][restartedMain] org.hibernate.engine.transaction.jta.platform.internal.JtaPlatformInitiator.52 - HHH000490: Using JtaPlatform implementation: [org.hibernate.engine.transaction.jta.platform.internal.NoJtaPlatform]
2023-02-01 13:47:22.344 [INFO ][restartedMain] org.springframework.orm.jpa.LocalContainerEntityManagerFactoryBean.437 - Initialized JPA EntityManagerFactory for persistence unit 'default'
2023-02-01 13:47:22.385 [WARN ][restartedMain] org.springframework.boot.autoconfigure.orm.jpa.JpaBaseConfiguration$JpaWebConfiguration.219 - spring.jpa.open-in-view is enabled by default. Therefore, database queries may be performed during view rendering. Explicitly configure spring.jpa.open-in-view to disable this warning
2023-02-01 13:47:22.522 [INFO ][restartedMain] org.springframework.boot.devtools.autoconfigure.OptionalLiveReloadServer.59 - LiveReload server is running on port 35729
2023-02-01 13:47:22.527 [INFO ][restartedMain] org.apache.coyote.http11.Http11NioProtocol.173 - Starting ProtocolHandler ["http-nio-8080"]
2023-02-01 13:47:22.534 [INFO ][restartedMain] org.springframework.boot.web.embedded.tomcat.TomcatWebServer.220 - Tomcat started on port(s): 8080 (http) with context path '/UserApi'
2023-02-01 13:47:22.539 [INFO ][restartedMain] tw.com.firstbank.fcbcore.fir.service.ServiceApplication.61 - Started ServiceApplication in 1.332 seconds (JVM running for 1.823)
2023-02-01 13:47:37.872 [INFO ][http-nio-8080-exec-1] org.apache.catalina.core.ContainerBase.[Tomcat].[localhost].[/UserApi].173 - Initializing Spring DispatcherServlet 'dispatcherServlet'
2023-02-01 13:47:37.872 [INFO ][http-nio-8080-exec-1] org.springframework.web.servlet.DispatcherServlet.525 - Initializing Servlet 'dispatcherServlet'
2023-02-01 13:47:37.873 [INFO ][http-nio-8080-exec-1] org.springframework.web.servlet.DispatcherServlet.547 - Completed initialization in 1 ms
2023-02-01 13:59:37.278 [INFO ][SpringApplicationShutdownHook] org.springframework.orm.jpa.LocalContainerEntityManagerFactoryBean.651 - Closing JPA EntityManagerFactory for persistence unit 'default'
2023-02-01 13:59:37.279 [INFO ][SpringApplicationShutdownHook] org.hibernate.tool.schema.internal.SchemaDropperImpl$DelayedDropActionImpl.538 - HHH000477: Starting delayed evictData of schema as part of SessionFactory shut-down'
2023-02-01 15:01:09.657 [INFO ][background-preinit] org.hibernate.validator.internal.util.Version.21 - HV000001: Hibernate Validator 6.2.5.Final
2023-02-01 15:01:09.668 [INFO ][restartedMain] tw.com.firstbank.fcbcore.fir.service.ServiceApplication.55 - Starting ServiceApplication using Java 17.0.4.1 on liyouweideMacBook-Pro.local with PID 2739 (/Users/yuweilee/local pair/UserApi/target/classes started by yuweilee in /Users/yuweilee/local pair/UserApi)
2023-02-01 15:01:09.670 [INFO ][restartedMain] tw.com.firstbank.fcbcore.fir.service.ServiceApplication.637 - The following 1 profile is active: "property"
2023-02-01 15:01:09.690 [INFO ][restartedMain] org.springframework.boot.devtools.env.DevToolsPropertyDefaultsPostProcessor.255 - Devtools property defaults active! Set 'spring.devtools.add-properties' to 'false' to disable
2023-02-01 15:01:09.690 [INFO ][restartedMain] org.springframework.boot.devtools.env.DevToolsPropertyDefaultsPostProcessor.255 - For additional web related logging consider setting the 'logging.level.web' property to 'DEBUG'
2023-02-01 15:01:09.855 [INFO ][restartedMain] org.springframework.data.repository.config.RepositoryConfigurationDelegate.132 - Bootstrapping Spring Data JPA repositories in DEFAULT mode.
2023-02-01 15:01:09.861 [INFO ][restartedMain] org.springframework.data.repository.config.RepositoryConfigurationDelegate.201 - Finished Spring Data repository scanning in 2 ms. Found 0 JPA repository interfaces.
2023-02-01 15:01:10.155 [INFO ][restartedMain] org.springframework.boot.web.embedded.tomcat.TomcatWebServer.108 - Tomcat initialized with port(s): 8080 (http)
2023-02-01 15:01:10.162 [INFO ][restartedMain] org.apache.coyote.http11.Http11NioProtocol.173 - Initializing ProtocolHandler ["http-nio-8080"]
2023-02-01 15:01:10.162 [INFO ][restartedMain] org.apache.catalina.core.StandardService.173 - Starting service [Tomcat]
2023-02-01 15:01:10.163 [INFO ][restartedMain] org.apache.catalina.core.StandardEngine.173 - Starting Servlet engine: [Apache Tomcat/9.0.71]
2023-02-01 15:01:10.197 [INFO ][restartedMain] org.apache.catalina.core.ContainerBase.[Tomcat].[localhost].[/UserApi].173 - Initializing Spring embedded WebApplicationContext
2023-02-01 15:01:10.197 [INFO ][restartedMain] org.springframework.boot.web.servlet.context.ServletWebServerApplicationContext.292 - Root WebApplicationContext: initialization completed in 506 ms
2023-02-01 15:01:10.312 [INFO ][restartedMain] org.springframework.boot.autoconfigure.h2.H2ConsoleAutoConfiguration.98 - H2 console available at '/h2-console'. Database available at 'jdbc:h2:mem:db'
2023-02-01 15:01:10.355 [INFO ][restartedMain] org.hibernate.jpa.internal.util.LogHelper.31 - HHH000204: Processing PersistenceUnitInfo [name: default]
2023-02-01 15:01:10.377 [INFO ][restartedMain] org.hibernate.Version.44 - HHH000412: Hibernate ORM core version 5.6.14.Final
2023-02-01 15:01:10.439 [INFO ][restartedMain] org.hibernate.annotations.common.Version.56 - HCANN000001: Hibernate Commons Annotations {5.1.2.Final}
2023-02-01 15:01:10.477 [INFO ][restartedMain] org.hibernate.dialect.Dialect.175 - HHH000400: Using dialect: org.hibernate.dialect.H2Dialect
2023-02-01 15:01:10.553 [INFO ][restartedMain] org.hibernate.engine.transaction.jta.platform.internal.JtaPlatformInitiator.52 - HHH000490: Using JtaPlatform implementation: [org.hibernate.engine.transaction.jta.platform.internal.NoJtaPlatform]
2023-02-01 15:01:10.555 [INFO ][restartedMain] org.springframework.orm.jpa.LocalContainerEntityManagerFactoryBean.437 - Initialized JPA EntityManagerFactory for persistence unit 'default'
2023-02-01 15:01:10.580 [WARN ][restartedMain] org.springframework.boot.autoconfigure.orm.jpa.JpaBaseConfiguration$JpaWebConfiguration.219 - spring.jpa.open-in-view is enabled by default. Therefore, database queries may be performed during view rendering. Explicitly configure spring.jpa.open-in-view to disable this warning
2023-02-01 15:01:10.703 [INFO ][restartedMain] org.springframework.boot.devtools.autoconfigure.OptionalLiveReloadServer.59 - LiveReload server is running on port 35729
2023-02-01 15:01:10.708 [INFO ][restartedMain] org.apache.coyote.http11.Http11NioProtocol.173 - Starting ProtocolHandler ["http-nio-8080"]
2023-02-01 15:01:10.713 [INFO ][restartedMain] org.springframework.boot.web.embedded.tomcat.TomcatWebServer.220 - Tomcat started on port(s): 8080 (http) with context path '/UserApi'
2023-02-01 15:01:10.718 [INFO ][restartedMain] tw.com.firstbank.fcbcore.fir.service.ServiceApplication.61 - Started ServiceApplication in 1.171 seconds (JVM running for 1.574)
2023-02-01 15:21:55.538 [INFO ][File Watcher] org.springframework.boot.devtools.autoconfigure.LocalDevToolsAutoConfiguration$RestartingClassPathChangeChangedEventListener.211 - Restarting due to 20 class path changes (0 additions, 18 deletions, 2 modifications)
2023-02-01 15:21:55.547 [INFO ][Thread-6] org.apache.coyote.http11.Http11NioProtocol.173 - Pausing ProtocolHandler ["http-nio-8080"]
2023-02-01 15:21:55.548 [INFO ][Thread-6] org.apache.catalina.core.StandardService.173 - Stopping service [Tomcat]
2023-02-01 15:21:55.551 [INFO ][Thread-6] org.apache.coyote.http11.Http11NioProtocol.173 - Stopping ProtocolHandler ["http-nio-8080"]
2023-02-01 15:21:55.554 [INFO ][Thread-6] org.apache.coyote.http11.Http11NioProtocol.173 - Destroying ProtocolHandler ["http-nio-8080"]
2023-02-01 15:21:55.557 [INFO ][Thread-6] org.springframework.orm.jpa.LocalContainerEntityManagerFactoryBean.651 - Closing JPA EntityManagerFactory for persistence unit 'default'
2023-02-01 15:21:55.557 [INFO ][Thread-6] org.hibernate.tool.schema.internal.SchemaDropperImpl$DelayedDropActionImpl.538 - HHH000477: Starting delayed evictData of schema as part of SessionFactory shut-down'
2023-02-01 15:21:55.784 [INFO ][restartedMain] tw.com.firstbank.fcbcore.fir.service.ServiceApplication.55 - Starting ServiceApplication using Java 17.0.4.1 on liyouweideMacBook-Pro.local with PID 2739 (/Users/yuweilee/local pair/UserApi/target/classes started by yuweilee in /Users/yuweilee/local pair/UserApi)
2023-02-01 15:21:55.784 [INFO ][restartedMain] tw.com.firstbank.fcbcore.fir.service.ServiceApplication.637 - The following 1 profile is active: "property"
2023-02-01 15:21:55.875 [INFO ][restartedMain] org.springframework.data.repository.config.RepositoryConfigurationDelegate.132 - Bootstrapping Spring Data JPA repositories in DEFAULT mode.
2023-02-01 15:21:55.876 [INFO ][restartedMain] org.springframework.data.repository.config.RepositoryConfigurationDelegate.201 - Finished Spring Data repository scanning in 0 ms. Found 0 JPA repository interfaces.
2023-02-01 15:21:55.927 [INFO ][restartedMain] org.springframework.boot.web.embedded.tomcat.TomcatWebServer.108 - Tomcat initialized with port(s): 8080 (http)
2023-02-01 15:21:55.928 [INFO ][restartedMain] org.apache.coyote.http11.Http11NioProtocol.173 - Initializing ProtocolHandler ["http-nio-8080"]
2023-02-01 15:21:55.928 [INFO ][restartedMain] org.apache.catalina.core.StandardService.173 - Starting service [Tomcat]
2023-02-01 15:21:55.928 [INFO ][restartedMain] org.apache.catalina.core.StandardEngine.173 - Starting Servlet engine: [Apache Tomcat/9.0.71]
2023-02-01 15:21:55.933 [INFO ][restartedMain] org.apache.catalina.core.ContainerBase.[Tomcat].[localhost].[/UserApi].173 - Initializing Spring embedded WebApplicationContext
2023-02-01 15:21:55.933 [INFO ][restartedMain] org.springframework.boot.web.servlet.context.ServletWebServerApplicationContext.292 - Root WebApplicationContext: initialization completed in 147 ms
2023-02-01 15:21:55.936 [INFO ][restartedMain] org.springframework.boot.autoconfigure.h2.H2ConsoleAutoConfiguration.98 - H2 console available at '/h2-console'. Database available at 'jdbc:h2:mem:db'
2023-02-01 15:21:55.945 [INFO ][restartedMain] org.hibernate.jpa.internal.util.LogHelper.31 - HHH000204: Processing PersistenceUnitInfo [name: default]
2023-02-01 15:21:55.946 [INFO ][restartedMain] org.hibernate.dialect.Dialect.175 - HHH000400: Using dialect: org.hibernate.dialect.H2Dialect
2023-02-01 15:21:55.949 [INFO ][restartedMain] org.hibernate.engine.transaction.jta.platform.internal.JtaPlatformInitiator.52 - HHH000490: Using JtaPlatform implementation: [org.hibernate.engine.transaction.jta.platform.internal.NoJtaPlatform]
2023-02-01 15:21:55.949 [INFO ][restartedMain] org.springframework.orm.jpa.LocalContainerEntityManagerFactoryBean.437 - Initialized JPA EntityManagerFactory for persistence unit 'default'
2023-02-01 15:21:55.961 [WARN ][restartedMain] org.springframework.boot.autoconfigure.orm.jpa.JpaBaseConfiguration$JpaWebConfiguration.219 - spring.jpa.open-in-view is enabled by default. Therefore, database queries may be performed during view rendering. Explicitly configure spring.jpa.open-in-view to disable this warning
2023-02-01 15:21:55.998 [INFO ][restartedMain] org.springframework.boot.devtools.autoconfigure.OptionalLiveReloadServer.59 - LiveReload server is running on port 35729
2023-02-01 15:21:56.000 [INFO ][restartedMain] org.apache.coyote.http11.Http11NioProtocol.173 - Starting ProtocolHandler ["http-nio-8080"]
2023-02-01 15:21:56.001 [INFO ][restartedMain] org.springframework.boot.web.embedded.tomcat.TomcatWebServer.220 - Tomcat started on port(s): 8080 (http) with context path '/UserApi'
2023-02-01 15:21:56.003 [INFO ][restartedMain] tw.com.firstbank.fcbcore.fir.service.ServiceApplication.61 - Started ServiceApplication in 0.414 seconds (JVM running for 1246.828)
2023-02-01 15:21:56.003 [INFO ][restartedMain] org.springframework.boot.devtools.autoconfigure.ConditionEvaluationDeltaLoggingListener.63 - Condition evaluation unchanged
2023-02-01 15:21:57.415 [INFO ][File Watcher] org.springframework.boot.devtools.autoconfigure.LocalDevToolsAutoConfiguration$RestartingClassPathChangeChangedEventListener.211 - Restarting due to 20 class path changes (20 additions, 0 deletions, 0 modifications)
2023-02-01 15:21:57.418 [INFO ][Thread-8] org.apache.coyote.http11.Http11NioProtocol.173 - Pausing ProtocolHandler ["http-nio-8080"]
2023-02-01 15:21:57.418 [INFO ][Thread-8] org.apache.catalina.core.StandardService.173 - Stopping service [Tomcat]
2023-02-01 15:21:57.420 [INFO ][Thread-8] org.apache.coyote.http11.Http11NioProtocol.173 - Stopping ProtocolHandler ["http-nio-8080"]
2023-02-01 15:21:57.421 [INFO ][Thread-8] org.apache.coyote.http11.Http11NioProtocol.173 - Destroying ProtocolHandler ["http-nio-8080"]
2023-02-01 15:21:57.422 [INFO ][Thread-8] org.springframework.orm.jpa.LocalContainerEntityManagerFactoryBean.651 - Closing JPA EntityManagerFactory for persistence unit 'default'
2023-02-01 15:21:57.422 [INFO ][Thread-8] org.hibernate.tool.schema.internal.SchemaDropperImpl$DelayedDropActionImpl.538 - HHH000477: Starting delayed evictData of schema as part of SessionFactory shut-down'
2023-02-01 15:21:57.462 [INFO ][restartedMain] tw.com.firstbank.fcbcore.fir.service.ServiceApplication.55 - Starting ServiceApplication using Java 17.0.4.1 on liyouweideMacBook-Pro.local with PID 2739 (/Users/yuweilee/local pair/UserApi/target/classes started by yuweilee in /Users/yuweilee/local pair/UserApi)
2023-02-01 15:21:57.462 [INFO ][restartedMain] tw.com.firstbank.fcbcore.fir.service.ServiceApplication.637 - The following 1 profile is active: "property"
2023-02-01 15:21:57.493 [INFO ][restartedMain] org.springframework.data.repository.config.RepositoryConfigurationDelegate.132 - Bootstrapping Spring Data JPA repositories in DEFAULT mode.
2023-02-01 15:21:57.494 [INFO ][restartedMain] org.springframework.data.repository.config.RepositoryConfigurationDelegate.201 - Finished Spring Data repository scanning in 0 ms. Found 0 JPA repository interfaces.
2023-02-01 15:21:57.532 [INFO ][restartedMain] org.springframework.boot.web.embedded.tomcat.TomcatWebServer.108 - Tomcat initialized with port(s): 8080 (http)
2023-02-01 15:21:57.532 [INFO ][restartedMain] org.apache.coyote.http11.Http11NioProtocol.173 - Initializing ProtocolHandler ["http-nio-8080"]
2023-02-01 15:21:57.532 [INFO ][restartedMain] org.apache.catalina.core.StandardService.173 - Starting service [Tomcat]
2023-02-01 15:21:57.532 [INFO ][restartedMain] org.apache.catalina.core.StandardEngine.173 - Starting Servlet engine: [Apache Tomcat/9.0.71]
2023-02-01 15:21:57.537 [INFO ][restartedMain] org.apache.catalina.core.ContainerBase.[Tomcat].[localhost].[/UserApi].173 - Initializing Spring embedded WebApplicationContext
2023-02-01 15:21:57.538 [INFO ][restartedMain] org.springframework.boot.web.servlet.context.ServletWebServerApplicationContext.292 - Root WebApplicationContext: initialization completed in 75 ms
2023-02-01 15:21:57.541 [INFO ][restartedMain] org.springframework.boot.autoconfigure.h2.H2ConsoleAutoConfiguration.98 - H2 console available at '/h2-console'. Database available at 'jdbc:h2:mem:db'
2023-02-01 15:21:57.549 [INFO ][restartedMain] org.hibernate.jpa.internal.util.LogHelper.31 - HHH000204: Processing PersistenceUnitInfo [name: default]
2023-02-01 15:21:57.550 [INFO ][restartedMain] org.hibernate.dialect.Dialect.175 - HHH000400: Using dialect: org.hibernate.dialect.H2Dialect
2023-02-01 15:21:57.553 [INFO ][restartedMain] org.hibernate.engine.transaction.jta.platform.internal.JtaPlatformInitiator.52 - HHH000490: Using JtaPlatform implementation: [org.hibernate.engine.transaction.jta.platform.internal.NoJtaPlatform]
2023-02-01 15:21:57.553 [INFO ][restartedMain] org.springframework.orm.jpa.LocalContainerEntityManagerFactoryBean.437 - Initialized JPA EntityManagerFactory for persistence unit 'default'
2023-02-01 15:21:57.562 [WARN ][restartedMain] org.springframework.boot.autoconfigure.orm.jpa.JpaBaseConfiguration$JpaWebConfiguration.219 - spring.jpa.open-in-view is enabled by default. Therefore, database queries may be performed during view rendering. Explicitly configure spring.jpa.open-in-view to disable this warning
2023-02-01 15:21:57.592 [INFO ][restartedMain] org.springframework.boot.devtools.autoconfigure.OptionalLiveReloadServer.59 - LiveReload server is running on port 35729
2023-02-01 15:21:57.594 [INFO ][restartedMain] org.apache.coyote.http11.Http11NioProtocol.173 - Starting ProtocolHandler ["http-nio-8080"]
2023-02-01 15:21:57.594 [INFO ][restartedMain] org.springframework.boot.web.embedded.tomcat.TomcatWebServer.220 - Tomcat started on port(s): 8080 (http) with context path '/UserApi'
2023-02-01 15:21:57.596 [INFO ][restartedMain] tw.com.firstbank.fcbcore.fir.service.ServiceApplication.61 - Started ServiceApplication in 0.151 seconds (JVM running for 1248.421)
2023-02-01 15:21:57.596 [INFO ][restartedMain] org.springframework.boot.devtools.autoconfigure.ConditionEvaluationDeltaLoggingListener.63 - Condition evaluation unchanged
2023-02-01 15:32:14.033 [INFO ][SpringApplicationShutdownHook] org.springframework.orm.jpa.LocalContainerEntityManagerFactoryBean.651 - Closing JPA EntityManagerFactory for persistence unit 'default'
2023-02-01 15:32:14.033 [INFO ][SpringApplicationShutdownHook] org.hibernate.tool.schema.internal.SchemaDropperImpl$DelayedDropActionImpl.538 - HHH000477: Starting delayed evictData of schema as part of SessionFactory shut-down'
2023-02-01 15:59:05.569 [INFO ][background-preinit] org.hibernate.validator.internal.util.Version.21 - HV000001: Hibernate Validator 6.2.5.Final
2023-02-01 15:59:05.581 [INFO ][restartedMain] tw.com.firstbank.fcbcore.fir.service.ServiceApplication.55 - Starting ServiceApplication using Java 17.0.4.1 on liyouweideMacBook-Pro.local with PID 3103 (/Users/yuweilee/local pair/UserApi/target/classes started by yuweilee in /Users/yuweilee/local pair/UserApi)
2023-02-01 15:59:05.582 [INFO ][restartedMain] tw.com.firstbank.fcbcore.fir.service.ServiceApplication.637 - The following 1 profile is active: "property"
2023-02-01 15:59:05.603 [INFO ][restartedMain] org.springframework.boot.devtools.env.DevToolsPropertyDefaultsPostProcessor.255 - Devtools property defaults active! Set 'spring.devtools.add-properties' to 'false' to disable
2023-02-01 15:59:05.603 [INFO ][restartedMain] org.springframework.boot.devtools.env.DevToolsPropertyDefaultsPostProcessor.255 - For additional web related logging consider setting the 'logging.level.web' property to 'DEBUG'
2023-02-01 15:59:05.761 [INFO ][restartedMain] org.springframework.data.repository.config.RepositoryConfigurationDelegate.132 - Bootstrapping Spring Data JPA repositories in DEFAULT mode.
2023-02-01 15:59:05.766 [INFO ][restartedMain] org.springframework.data.repository.config.RepositoryConfigurationDelegate.201 - Finished Spring Data repository scanning in 1 ms. Found 0 JPA repository interfaces.
2023-02-01 15:59:06.064 [INFO ][restartedMain] org.springframework.boot.web.embedded.tomcat.TomcatWebServer.108 - Tomcat initialized with port(s): 8080 (http)
2023-02-01 15:59:06.070 [INFO ][restartedMain] org.apache.coyote.http11.Http11NioProtocol.173 - Initializing ProtocolHandler ["http-nio-8080"]
2023-02-01 15:59:06.070 [INFO ][restartedMain] org.apache.catalina.core.StandardService.173 - Starting service [Tomcat]
2023-02-01 15:59:06.071 [INFO ][restartedMain] org.apache.catalina.core.StandardEngine.173 - Starting Servlet engine: [Apache Tomcat/9.0.71]
2023-02-01 15:59:06.094 [INFO ][restartedMain] org.apache.catalina.core.ContainerBase.[Tomcat].[localhost].[/UserApi].173 - Initializing Spring embedded WebApplicationContext
2023-02-01 15:59:06.095 [INFO ][restartedMain] org.springframework.boot.web.servlet.context.ServletWebServerApplicationContext.292 - Root WebApplicationContext: initialization completed in 492 ms
2023-02-01 15:59:06.200 [INFO ][restartedMain] org.springframework.boot.autoconfigure.h2.H2ConsoleAutoConfiguration.98 - H2 console available at '/h2-console'. Database available at 'jdbc:h2:mem:db'
2023-02-01 15:59:06.240 [INFO ][restartedMain] org.hibernate.jpa.internal.util.LogHelper.31 - HHH000204: Processing PersistenceUnitInfo [name: default]
2023-02-01 15:59:06.257 [INFO ][restartedMain] org.hibernate.Version.44 - HHH000412: Hibernate ORM core version 5.6.14.Final
2023-02-01 15:59:06.321 [INFO ][restartedMain] org.hibernate.annotations.common.Version.56 - HCANN000001: Hibernate Commons Annotations {5.1.2.Final}
2023-02-01 15:59:06.358 [INFO ][restartedMain] org.hibernate.dialect.Dialect.175 - HHH000400: Using dialect: org.hibernate.dialect.H2Dialect
2023-02-01 15:59:06.426 [INFO ][restartedMain] org.hibernate.engine.transaction.jta.platform.internal.JtaPlatformInitiator.52 - HHH000490: Using JtaPlatform implementation: [org.hibernate.engine.transaction.jta.platform.internal.NoJtaPlatform]
2023-02-01 15:59:06.428 [INFO ][restartedMain] org.springframework.orm.jpa.LocalContainerEntityManagerFactoryBean.437 - Initialized JPA EntityManagerFactory for persistence unit 'default'
2023-02-01 15:59:06.454 [WARN ][restartedMain] org.springframework.boot.autoconfigure.orm.jpa.JpaBaseConfiguration$JpaWebConfiguration.219 - spring.jpa.open-in-view is enabled by default. Therefore, database queries may be performed during view rendering. Explicitly configure spring.jpa.open-in-view to disable this warning
2023-02-01 15:59:06.585 [INFO ][restartedMain] org.springframework.boot.devtools.autoconfigure.OptionalLiveReloadServer.59 - LiveReload server is running on port 35729
2023-02-01 15:59:06.590 [INFO ][restartedMain] org.apache.coyote.http11.Http11NioProtocol.173 - Starting ProtocolHandler ["http-nio-8080"]
2023-02-01 15:59:06.596 [INFO ][restartedMain] org.springframework.boot.web.embedded.tomcat.TomcatWebServer.220 - Tomcat started on port(s): 8080 (http) with context path '/UserApi'
2023-02-01 15:59:06.600 [INFO ][restartedMain] tw.com.firstbank.fcbcore.fir.service.ServiceApplication.61 - Started ServiceApplication in 1.143 seconds (JVM running for 1.748)
2023-02-01 15:59:44.471 [INFO ][SpringApplicationShutdownHook] org.springframework.orm.jpa.LocalContainerEntityManagerFactoryBean.651 - Closing JPA EntityManagerFactory for persistence unit 'default'
2023-02-01 15:59:44.471 [INFO ][SpringApplicationShutdownHook] org.hibernate.tool.schema.internal.SchemaDropperImpl$DelayedDropActionImpl.538 - HHH000477: Starting delayed evictData of schema as part of SessionFactory shut-down'
2023-02-01 16:00:18.892 [INFO ][background-preinit] org.hibernate.validator.internal.util.Version.21 - HV000001: Hibernate Validator 6.2.5.Final
2023-02-01 16:00:18.904 [INFO ][restartedMain] tw.com.firstbank.fcbcore.fir.service.ServiceApplication.55 - Starting ServiceApplication using Java 17.0.4.1 on liyouweideMacBook-Pro.local with PID 3123 (/Users/yuweilee/local pair/UserApi/target/classes started by yuweilee in /Users/yuweilee/local pair/UserApi)
2023-02-01 16:00:18.905 [INFO ][restartedMain] tw.com.firstbank.fcbcore.fir.service.ServiceApplication.637 - The following 1 profile is active: "property"
2023-02-01 16:00:18.928 [INFO ][restartedMain] org.springframework.boot.devtools.env.DevToolsPropertyDefaultsPostProcessor.255 - Devtools property defaults active! Set 'spring.devtools.add-properties' to 'false' to disable
2023-02-01 16:00:18.928 [INFO ][restartedMain] org.springframework.boot.devtools.env.DevToolsPropertyDefaultsPostProcessor.255 - For additional web related logging consider setting the 'logging.level.web' property to 'DEBUG'
2023-02-01 16:00:19.108 [INFO ][restartedMain] org.springframework.data.repository.config.RepositoryConfigurationDelegate.132 - Bootstrapping Spring Data JPA repositories in DEFAULT mode.
2023-02-01 16:00:19.115 [INFO ][restartedMain] org.springframework.data.repository.config.RepositoryConfigurationDelegate.201 - Finished Spring Data repository scanning in 2 ms. Found 0 JPA repository interfaces.
2023-02-01 16:00:19.435 [INFO ][restartedMain] org.springframework.boot.web.embedded.tomcat.TomcatWebServer.108 - Tomcat initialized with port(s): 8080 (http)
2023-02-01 16:00:19.442 [INFO ][restartedMain] org.apache.coyote.http11.Http11NioProtocol.173 - Initializing ProtocolHandler ["http-nio-8080"]
2023-02-01 16:00:19.442 [INFO ][restartedMain] org.apache.catalina.core.StandardService.173 - Starting service [Tomcat]
2023-02-01 16:00:19.443 [INFO ][restartedMain] org.apache.catalina.core.StandardEngine.173 - Starting Servlet engine: [Apache Tomcat/9.0.71]
2023-02-01 16:00:19.473 [INFO ][restartedMain] org.apache.catalina.core.ContainerBase.[Tomcat].[localhost].[/UserApi].173 - Initializing Spring embedded WebApplicationContext
2023-02-01 16:00:19.473 [INFO ][restartedMain] org.springframework.boot.web.servlet.context.ServletWebServerApplicationContext.292 - Root WebApplicationContext: initialization completed in 544 ms
2023-02-01 16:00:19.578 [INFO ][restartedMain] org.springframework.boot.autoconfigure.h2.H2ConsoleAutoConfiguration.98 - H2 console available at '/h2-console'. Database available at 'jdbc:h2:mem:db'
2023-02-01 16:00:19.623 [INFO ][restartedMain] org.hibernate.jpa.internal.util.LogHelper.31 - HHH000204: Processing PersistenceUnitInfo [name: default]
2023-02-01 16:00:19.645 [INFO ][restartedMain] org.hibernate.Version.44 - HHH000412: Hibernate ORM core version 5.6.14.Final
2023-02-01 16:00:19.713 [INFO ][restartedMain] org.hibernate.annotations.common.Version.56 - HCANN000001: Hibernate Commons Annotations {5.1.2.Final}
2023-02-01 16:00:19.754 [INFO ][restartedMain] org.hibernate.dialect.Dialect.175 - HHH000400: Using dialect: org.hibernate.dialect.H2Dialect
2023-02-01 16:00:19.833 [INFO ][restartedMain] org.hibernate.engine.transaction.jta.platform.internal.JtaPlatformInitiator.52 - HHH000490: Using JtaPlatform implementation: [org.hibernate.engine.transaction.jta.platform.internal.NoJtaPlatform]
2023-02-01 16:00:19.836 [INFO ][restartedMain] org.springframework.orm.jpa.LocalContainerEntityManagerFactoryBean.437 - Initialized JPA EntityManagerFactory for persistence unit 'default'
2023-02-01 16:00:19.871 [WARN ][restartedMain] org.springframework.boot.autoconfigure.orm.jpa.JpaBaseConfiguration$JpaWebConfiguration.219 - spring.jpa.open-in-view is enabled by default. Therefore, database queries may be performed during view rendering. Explicitly configure spring.jpa.open-in-view to disable this warning
2023-02-01 16:00:20.001 [INFO ][restartedMain] org.springframework.boot.devtools.autoconfigure.OptionalLiveReloadServer.59 - LiveReload server is running on port 35729
2023-02-01 16:00:20.005 [INFO ][restartedMain] org.apache.coyote.http11.Http11NioProtocol.173 - Starting ProtocolHandler ["http-nio-8080"]
2023-02-01 16:00:20.012 [INFO ][restartedMain] org.springframework.boot.web.embedded.tomcat.TomcatWebServer.220 - Tomcat started on port(s): 8080 (http) with context path '/UserApi'
2023-02-01 16:00:20.017 [INFO ][restartedMain] tw.com.firstbank.fcbcore.fir.service.ServiceApplication.61 - Started ServiceApplication in 1.245 seconds (JVM running for 1.713)
2023-02-01 16:00:29.304 [INFO ][http-nio-8080-exec-2] org.apache.catalina.core.ContainerBase.[Tomcat].[localhost].[/UserApi].173 - Initializing Spring DispatcherServlet 'dispatcherServlet'
2023-02-01 16:00:29.304 [INFO ][http-nio-8080-exec-2] org.springframework.web.servlet.DispatcherServlet.525 - Initializing Servlet 'dispatcherServlet'
2023-02-01 16:00:29.305 [INFO ][http-nio-8080-exec-2] org.springframework.web.servlet.DispatcherServlet.547 - Completed initialization in 1 ms
2023-02-01 16:00:34.944 [INFO ][SpringApplicationShutdownHook] org.springframework.orm.jpa.LocalContainerEntityManagerFactoryBean.651 - Closing JPA EntityManagerFactory for persistence unit 'default'
2023-02-01 16:00:34.945 [INFO ][SpringApplicationShutdownHook] org.hibernate.tool.schema.internal.SchemaDropperImpl$DelayedDropActionImpl.538 - HHH000477: Starting delayed evictData of schema as part of SessionFactory shut-down'
2023-02-01 16:00:38.705 [INFO ][background-preinit] org.hibernate.validator.internal.util.Version.21 - HV000001: Hibernate Validator 6.2.5.Final
2023-02-01 16:00:38.714 [INFO ][restartedMain] tw.com.firstbank.fcbcore.fir.service.ServiceApplication.55 - Starting ServiceApplication using Java 17.0.4.1 on liyouweideMacBook-Pro.local with PID 3127 (/Users/yuweilee/local pair/UserApi/target/classes started by yuweilee in /Users/yuweilee/local pair/UserApi)
2023-02-01 16:00:38.716 [INFO ][restartedMain] tw.com.firstbank.fcbcore.fir.service.ServiceApplication.637 - The following 1 profile is active: "property"
2023-02-01 16:00:38.741 [INFO ][restartedMain] org.springframework.boot.devtools.env.DevToolsPropertyDefaultsPostProcessor.255 - Devtools property defaults active! Set 'spring.devtools.add-properties' to 'false' to disable
2023-02-01 16:00:38.741 [INFO ][restartedMain] org.springframework.boot.devtools.env.DevToolsPropertyDefaultsPostProcessor.255 - For additional web related logging consider setting the 'logging.level.web' property to 'DEBUG'
2023-02-01 16:00:38.934 [INFO ][restartedMain] org.springframework.data.repository.config.RepositoryConfigurationDelegate.132 - Bootstrapping Spring Data JPA repositories in DEFAULT mode.
2023-02-01 16:00:38.943 [INFO ][restartedMain] org.springframework.data.repository.config.RepositoryConfigurationDelegate.201 - Finished Spring Data repository scanning in 3 ms. Found 0 JPA repository interfaces.
2023-02-01 16:00:39.285 [INFO ][restartedMain] org.springframework.boot.web.embedded.tomcat.TomcatWebServer.108 - Tomcat initialized with port(s): 8080 (http)
2023-02-01 16:00:39.293 [INFO ][restartedMain] org.apache.coyote.http11.Http11NioProtocol.173 - Initializing ProtocolHandler ["http-nio-8080"]
2023-02-01 16:00:39.293 [INFO ][restartedMain] org.apache.catalina.core.StandardService.173 - Starting service [Tomcat]
2023-02-01 16:00:39.293 [INFO ][restartedMain] org.apache.catalina.core.StandardEngine.173 - Starting Servlet engine: [Apache Tomcat/9.0.71]
2023-02-01 16:00:39.325 [INFO ][restartedMain] org.apache.catalina.core.ContainerBase.[Tomcat].[localhost].[/UserApi].173 - Initializing Spring embedded WebApplicationContext
2023-02-01 16:00:39.325 [INFO ][restartedMain] org.springframework.boot.web.servlet.context.ServletWebServerApplicationContext.292 - Root WebApplicationContext: initialization completed in 584 ms
2023-02-01 16:00:39.444 [INFO ][restartedMain] org.springframework.boot.autoconfigure.h2.H2ConsoleAutoConfiguration.98 - H2 console available at '/h2-console'. Database available at 'jdbc:h2:mem:db'
2023-02-01 16:00:39.493 [INFO ][restartedMain] org.hibernate.jpa.internal.util.LogHelper.31 - HHH000204: Processing PersistenceUnitInfo [name: default]
2023-02-01 16:00:39.521 [INFO ][restartedMain] org.hibernate.Version.44 - HHH000412: Hibernate ORM core version 5.6.14.Final
2023-02-01 16:00:39.591 [INFO ][restartedMain] org.hibernate.annotations.common.Version.56 - HCANN000001: Hibernate Commons Annotations {5.1.2.Final}
2023-02-01 16:00:39.630 [INFO ][restartedMain] org.hibernate.dialect.Dialect.175 - HHH000400: Using dialect: org.hibernate.dialect.H2Dialect
2023-02-01 16:00:39.710 [INFO ][restartedMain] org.hibernate.engine.transaction.jta.platform.internal.JtaPlatformInitiator.52 - HHH000490: Using JtaPlatform implementation: [org.hibernate.engine.transaction.jta.platform.internal.NoJtaPlatform]
2023-02-01 16:00:39.714 [INFO ][restartedMain] org.springframework.orm.jpa.LocalContainerEntityManagerFactoryBean.437 - Initialized JPA EntityManagerFactory for persistence unit 'default'
2023-02-01 16:00:39.794 [WARN ][restartedMain] org.springframework.boot.autoconfigure.orm.jpa.JpaBaseConfiguration$JpaWebConfiguration.219 - spring.jpa.open-in-view is enabled by default. Therefore, database queries may be performed during view rendering. Explicitly configure spring.jpa.open-in-view to disable this warning
2023-02-01 16:00:39.934 [INFO ][restartedMain] org.springframework.boot.devtools.autoconfigure.OptionalLiveReloadServer.59 - LiveReload server is running on port 35729
2023-02-01 16:00:39.941 [INFO ][restartedMain] org.apache.coyote.http11.Http11NioProtocol.173 - Starting ProtocolHandler ["http-nio-8080"]
2023-02-01 16:00:39.948 [INFO ][restartedMain] org.springframework.boot.web.embedded.tomcat.TomcatWebServer.220 - Tomcat started on port(s): 8080 (http) with context path '/UserApi'
2023-02-01 16:00:39.954 [INFO ][restartedMain] tw.com.firstbank.fcbcore.fir.service.ServiceApplication.61 - Started ServiceApplication in 1.367 seconds (JVM running for 1.837)
2023-02-01 16:00:43.611 [INFO ][http-nio-8080-exec-1] org.apache.catalina.core.ContainerBase.[Tomcat].[localhost].[/UserApi].173 - Initializing Spring DispatcherServlet 'dispatcherServlet'
2023-02-01 16:00:43.611 [INFO ][http-nio-8080-exec-1] org.springframework.web.servlet.DispatcherServlet.525 - Initializing Servlet 'dispatcherServlet'
2023-02-01 16:00:43.612 [INFO ][http-nio-8080-exec-1] org.springframework.web.servlet.DispatcherServlet.547 - Completed initialization in 1 ms
2023-02-01 16:15:30.347 [INFO ][SpringApplicationShutdownHook] org.springframework.orm.jpa.LocalContainerEntityManagerFactoryBean.651 - Closing JPA EntityManagerFactory for persistence unit 'default'
2023-02-01 16:15:30.355 [INFO ][SpringApplicationShutdownHook] org.hibernate.tool.schema.internal.SchemaDropperImpl$DelayedDropActionImpl.538 - HHH000477: Starting delayed evictData of schema as part of SessionFactory shut-down'
